<?xml version="1.0" encoding="UTF-8"?>
<testng-results skipped="0" failed="1" ignored="0" total="1" passed="0">
  <reporter-output>
  </reporter-output>
  <suite name="Default suite" duration-ms="11943" started-at="2020-09-22T17:05:33Z" finished-at="2020-09-22T17:05:45Z">
    <groups>
    </groups>
    <test name="Default test" duration-ms="11943" started-at="2020-09-22T17:05:33Z" finished-at="2020-09-22T17:05:45Z">
      <class name="testCases.TC_SaveAllJobsFromJobAlertsAndSendIndividualEmailsToMe">
        <test-method status="PASS" signature="beforeSuite()[pri:0, instance:testCases.TC_SaveAllJobsFromJobAlertsAndSendIndividualEmailsToMe@42dafa95]" name="beforeSuite" is-config="true" duration-ms="4843" started-at="2020-09-22T17:05:29Z" finished-at="2020-09-22T17:05:33Z">
          <reporter-output>
          </reporter-output>
        </test-method> <!-- beforeSuite -->
        <test-method status="FAIL" signature="test_SaveAllJobsFromJobAlertsAndSendIndividualEmailsToMe()[pri:0, instance:testCases.TC_SaveAllJobsFromJobAlertsAndSendIndividualEmailsToMe@42dafa95]" name="test_SaveAllJobsFromJobAlertsAndSendIndividualEmailsToMe" duration-ms="11910" started-at="2020-09-22T17:05:34Z" finished-at="2020-09-22T17:05:45Z">
          <exception class="java.lang.NullPointerException">
            <full-stacktrace>
              <![CDATA[java.lang.NullPointerException
at org.openqa.selenium.support.ui.ExpectedConditions.elementIfVisible(ExpectedConditions.java:314)
at org.openqa.selenium.support.ui.ExpectedConditions.access$000(ExpectedConditions.java:43)
at org.openqa.selenium.support.ui.ExpectedConditions$10.apply(ExpectedConditions.java:300)
at org.openqa.selenium.support.ui.ExpectedConditions$10.apply(ExpectedConditions.java:297)
at org.openqa.selenium.support.ui.ExpectedConditions$23.apply(ExpectedConditions.java:670)
at org.openqa.selenium.support.ui.ExpectedConditions$23.apply(ExpectedConditions.java:666)
at org.openqa.selenium.support.ui.FluentWait.until(FluentWait.java:249)
at utilities.WebM.sendKeys(WebM.java:47)
at testCases.TC_SaveAllJobsFromJobAlertsAndSendIndividualEmailsToMe.test_SaveAllJobsFromJobAlertsAndSendIndividualEmailsToMe(TC_SaveAllJobsFromJobAlertsAndSendIndividualEmailsToMe.java:37)
at sun.reflect.NativeMethodAccessorImpl.invoke0(Native Method)
at sun.reflect.NativeMethodAccessorImpl.invoke(Unknown Source)
at sun.reflect.DelegatingMethodAccessorImpl.invoke(Unknown Source)
at java.lang.reflect.Method.invoke(Unknown Source)
at org.testng.internal.MethodInvocationHelper.invokeMethod(MethodInvocationHelper.java:124)
at org.testng.internal.Invoker.invokeMethod(Invoker.java:583)
at org.testng.internal.Invoker.invokeTestMethod(Invoker.java:719)
at org.testng.internal.Invoker.invokeTestMethods(Invoker.java:989)
at org.testng.internal.TestMethodWorker.invokeTestMethods(TestMethodWorker.java:125)
at org.testng.internal.TestMethodWorker.run(TestMethodWorker.java:109)
at org.testng.TestRunner.privateRun(TestRunner.java:648)
at org.testng.TestRunner.run(TestRunner.java:505)
at org.testng.SuiteRunner.runTest(SuiteRunner.java:455)
at org.testng.SuiteRunner.runSequentially(SuiteRunner.java:450)
at org.testng.SuiteRunner.privateRun(SuiteRunner.java:415)
at org.testng.SuiteRunner.run(SuiteRunner.java:364)
at org.testng.SuiteRunnerWorker.runSuite(SuiteRunnerWorker.java:52)
at org.testng.SuiteRunnerWorker.run(SuiteRunnerWorker.java:84)
at org.testng.TestNG.runSuitesSequentially(TestNG.java:1208)
at org.testng.TestNG.runSuitesLocally(TestNG.java:1137)
at org.testng.TestNG.runSuites(TestNG.java:1049)
at org.testng.TestNG.run(TestNG.java:1017)
at org.testng.remote.AbstractRemoteTestNG.run(AbstractRemoteTestNG.java:114)
at org.testng.remote.RemoteTestNG.initAndRun(RemoteTestNG.java:251)
at org.testng.remote.RemoteTestNG.main(RemoteTestNG.java:77)
]]>
            </full-stacktrace>
          </exception> <!-- java.lang.NullPointerException -->
          <reporter-output>
          </reporter-output>
        </test-method> <!-- test_SaveAllJobsFromJobAlertsAndSendIndividualEmailsToMe -->
      </class> <!-- testCases.TC_SaveAllJobsFromJobAlertsAndSendIndividualEmailsToMe -->
    </test> <!-- Default test -->
  </suite> <!-- Default suite -->
</testng-results>
