<?xml version="1.0" encoding="UTF-8"?>
<!-- Generated by org.testng.reporters.JUnitXMLReporter -->
<testsuite hostname="DESKTOP-C92CSUL" ignored="0" name="Test" tests="1" failures="1" timestamp="22 Sep 2020 16:47:36 GMT" time="0.065" errors="0">
  <testcase name="test_SaveAllJobsFromJobAlertsAndSendIndividualEmailsToMe" time="0.031" classname="testCases.TC_SaveAllJobsFromJobAlertsAndSendIndividualEmailsToMe">
    <failure type="java.lang.NullPointerException">
      <![CDATA[java.lang.NullPointerException
at org.openqa.selenium.support.ui.ExpectedConditions.elementIfVisible(ExpectedConditions.java:314)
at org.openqa.selenium.support.ui.ExpectedConditions.access$000(ExpectedConditions.java:43)
at org.openqa.selenium.support.ui.ExpectedConditions$10.apply(ExpectedConditions.java:300)
at org.openqa.selenium.support.ui.ExpectedConditions$10.apply(ExpectedConditions.java:297)
at org.openqa.selenium.support.ui.ExpectedConditions$23.apply(ExpectedConditions.java:670)
at org.openqa.selenium.support.ui.ExpectedConditions$23.apply(ExpectedConditions.java:666)
at org.openqa.selenium.support.ui.FluentWait.until(FluentWait.java:249)
at utilities.WebM.click(WebM.java:36)
at testCases.TC_SaveAllJobsFromJobAlertsAndSendIndividualEmailsToMe.test_SaveAllJobsFromJobAlertsAndSendIndividualEmailsToMe(TC_SaveAllJobsFromJobAlertsAndSendIndividualEmailsToMe.java:36)
... Removed 25 stack frames]]>
    </failure>
  </testcase> <!-- test_SaveAllJobsFromJobAlertsAndSendIndividualEmailsToMe -->
</testsuite> <!-- Test -->
